# JRE version: Java(TM) SE Runtime Environment (8.0_60-b27) (build 1.8.0_60-b27)
# Java VM: Java HotSpot(TM) 64-Bit Server VM (25.60-b23 mixed mode bsd-amd64 compressed oops)
Heap:
 PSYoungGen      total 895488K, used 273256K [0x000000076ab00000, 0x00000007c0000000, 0x00000007c0000000)
  eden space 580608K, 47% used [0x000000076ab00000,0x000000077b5da2a8,0x000000078e200000)
  from space 314880K, 0% used [0x000000078e200000,0x000000078e200000,0x00000007a1580000)
  to   space 441344K, 0% used [0x00000007a5100000,0x00000007a5100000,0x00000007c0000000)
 ParOldGen       total 987136K, used 553022K [0x00000006c0000000, 0x00000006fc400000, 0x000000076ab00000)
  object space 987136K, 56% used [0x00000006c0000000,0x00000006e1c0fa40,0x00000006fc400000)
 Metaspace       used 13197K, capacity 13300K, committed 13696K, reserved 1060864K
  class space    used 1521K, capacity 1566K, committed 1664K, reserved 1048576K
GC Heap History (10 events):
Event: 3.701 GC heap before
{Heap before GC invocations=8 (full 1):
 PSYoungGen      total 479744K, used 455680K [0x000000076ab00000, 0x0000000796000000, 0x00000007c0000000)
  eden space 455680K, 100% used [0x000000076ab00000,0x0000000786800000,0x0000000786800000)
  from space 24064K, 0% used [0x000000078c280000,0x000000078c280000,0x000000078da00000)
  to   space 92672K, 0% used [0x0000000786800000,0x0000000786800000,0x000000078c280000)
 ParOldGen       total 327680K, used 150966K [0x00000006c0000000, 0x00000006d4000000, 0x000000076ab00000)
  object space 327680K, 46% used [0x00000006c0000000,0x00000006c936d900,0x00000006d4000000)
 Metaspace       used 11222K, capacity 11324K, committed 11648K, reserved 1058816K
  class space    used 1285K, capacity 1338K, committed 1408K, reserved 1048576K
Event: 3.872 GC heap after
Heap after GC invocations=8 (full 1):
 PSYoungGen      total 548352K, used 92642K [0x000000076ab00000, 0x00000007af600000, 0x00000007c0000000)
  eden space 455680K, 0% used [0x000000076ab00000,0x000000076ab00000,0x0000000786800000)
  from space 92672K, 99% used [0x0000000786800000,0x000000078c2788b0,0x000000078c280000)
  to   space 229888K, 0% used [0x00000007a1580000,0x00000007a1580000,0x00000007af600000)
 ParOldGen       total 384512K, used 382670K [0x00000006c0000000, 0x00000006d7780000, 0x000000076ab00000)
  object space 384512K, 99% used [0x00000006c0000000,0x00000006d75b3b78,0x00000006d7780000)
 Metaspace       used 11222K, capacity 11324K, committed 11648K, reserved 1058816K
  class space    used 1285K, capacity 1338K, committed 1408K, reserved 1048576K
}
Event: 3.872 GC heap before
{Heap before GC invocations=9 (full 2):
 PSYoungGen      total 548352K, used 92642K [0x000000076ab00000, 0x00000007af600000, 0x00000007c0000000)
  eden space 455680K, 0% used [0x000000076ab00000,0x000000076ab00000,0x0000000786800000)
  from space 92672K, 99% used [0x0000000786800000,0x000000078c2788b0,0x000000078c280000)
  to   space 229888K, 0% used [0x00000007a1580000,0x00000007a1580000,0x00000007af600000)
 ParOldGen       total 384512K, used 382670K [0x00000006c0000000, 0x00000006d7780000, 0x000000076ab00000)
  object space 384512K, 99% used [0x00000006c0000000,0x00000006d75b3b78,0x00000006d7780000)
 Metaspace       used 11222K, capacity 11324K, committed 11648K, reserved 1058816K
  class space    used 1285K, capacity 1338K, committed 1408K, reserved 1048576K
Event: 4.307 GC heap after
Heap after GC invocations=9 (full 2):
 PSYoungGen      total 548352K, used 0K [0x000000076ab00000, 0x00000007af600000, 0x00000007c0000000)
  eden space 455680K, 0% used [0x000000076ab00000,0x000000076ab00000,0x0000000786800000)
  from space 92672K, 0% used [0x0000000786800000,0x0000000786800000,0x000000078c280000)
  to   space 229888K, 0% used [0x00000007a1580000,0x00000007a1580000,0x00000007af600000)
 ParOldGen       total 611840K, used 270650K [0x00000006c0000000, 0x00000006e5580000, 0x000000076ab00000)
  object space 611840K, 44% used [0x00000006c0000000,0x00000006d084e918,0x00000006e5580000)
 Metaspace       used 11222K, capacity 11324K, committed 11648K, reserved 1058816K
  class space    used 1285K, capacity 1338K, committed 1408K, reserved 1048576K
}
Event: 4.960 GC heap before
{Heap before GC invocations=10 (full 2):
 PSYoungGen      total 548352K, used 455680K [0x000000076ab00000, 0x00000007af600000, 0x00000007c0000000)
  eden space 455680K, 100% used [0x000000076ab00000,0x0000000786800000,0x0000000786800000)
  from space 92672K, 0% used [0x0000000786800000,0x0000000786800000,0x000000078c280000)
  to   space 229888K, 0% used [0x00000007a1580000,0x00000007a1580000,0x00000007af600000)
 ParOldGen       total 611840K, used 270650K [0x00000006c0000000, 0x00000006e5580000, 0x000000076ab00000)
  object space 611840K, 44% used [0x00000006c0000000,0x00000006d084e918,0x00000006e5580000)
 Metaspace       used 11335K, capacity 11458K, committed 11648K, reserved 1058816K
  class space    used 1285K, capacity 1339K, committed 1408K, reserved 1048576K
Event: 5.114 GC heap after
Heap after GC invocations=10 (full 2):
 PSYoungGen      total 810496K, used 229857K [0x000000076ab00000, 0x00000007b7380000, 0x00000007c0000000)
  eden space 580608K, 0% used [0x000000076ab00000,0x000000076ab00000,0x000000078e200000)
  from space 229888K, 99% used [0x00000007a1580000,0x00000007af5f8400,0x00000007af600000)
  to   space 314880K, 0% used [0x000000078e200000,0x000000078e200000,0x00000007a1580000)
 ParOldGen       total 611840K, used 353410K [0x00000006c0000000, 0x00000006e5580000, 0x000000076ab00000)
  object space 611840K, 57% used [0x00000006c0000000,0x00000006d5920bf8,0x00000006e5580000)
 Metaspace       used 11335K, capacity 11458K, committed 11648K, reserved 1058816K
  class space    used 1285K, capacity 1339K, committed 1408K, reserved 1048576K
}
Event: 7.324 GC heap before
{Heap before GC invocations=11 (full 2):
 PSYoungGen      total 810496K, used 810465K [0x000000076ab00000, 0x00000007b7380000, 0x00000007c0000000)
  eden space 580608K, 100% used [0x000000076ab00000,0x000000078e200000,0x000000078e200000)
  from space 229888K, 99% used [0x00000007a1580000,0x00000007af5f8400,0x00000007af600000)
  to   space 314880K, 0% used [0x000000078e200000,0x000000078e200000,0x00000007a1580000)
 ParOldGen       total 611840K, used 353410K [0x00000006c0000000, 0x00000006e5580000, 0x000000076ab00000)
  object space 611840K, 57% used [0x00000006c0000000,0x00000006d5920bf8,0x00000006e5580000)
 Metaspace       used 12928K, capacity 13076K, committed 13312K, reserved 1060864K
  class space    used 1490K, capacity 1534K, committed 1536K, reserved 1048576K
Event: 7.679 GC heap after
Heap after GC invocations=11 (full 2):
 PSYoungGen      total 895488K, used 314849K [0x000000076ab00000, 0x00000007c0000000, 0x00000007c0000000)
  eden space 580608K, 0% used [0x000000076ab00000,0x000000076ab00000,0x000000078e200000)
  from space 314880K, 99% used [0x000000078e200000,0x00000007a1578690,0x00000007a1580000)
  to   space 441344K, 0% used [0x00000007a5100000,0x00000007a5100000,0x00000007c0000000)
 ParOldGen       total 611840K, used 512940K [0x00000006c0000000, 0x00000006e5580000, 0x000000076ab00000)
  object space 611840K, 83% used [0x00000006c0000000,0x00000006df4eb1d0,0x00000006e5580000)
 Metaspace       used 12928K, capacity 13076K, committed 13312K, reserved 1060864K
  class space    used 1490K, capacity 1534K, committed 1536K, reserved 1048576K
}
Event: 7.679 GC heap before
{Heap before GC invocations=12 (full 3):
 PSYoungGen      total 895488K, used 314849K [0x000000076ab00000, 0x00000007c0000000, 0x00000007c0000000)
  eden space 580608K, 0% used [0x000000076ab00000,0x000000076ab00000,0x000000078e200000)
  from space 314880K, 99% used [0x000000078e200000,0x00000007a1578690,0x00000007a1580000)
  to   space 441344K, 0% used [0x00000007a5100000,0x00000007a5100000,0x00000007c0000000)
 ParOldGen       total 611840K, used 512940K [0x00000006c0000000, 0x00000006e5580000, 0x000000076ab00000)
  object space 611840K, 83% used [0x00000006c0000000,0x00000006df4eb1d0,0x00000006e5580000)
 Metaspace       used 12928K, capacity 13076K, committed 13312K, reserved 1060864K
  class space    used 1490K, capacity 1534K, committed 1536K, reserved 1048576K
Event: 8.684 GC heap after
Heap after GC invocations=12 (full 3):
 PSYoungGen      total 895488K, used 0K [0x000000076ab00000, 0x00000007c0000000, 0x00000007c0000000)
  eden space 580608K, 0% used [0x000000076ab00000,0x000000076ab00000,0x000000078e200000)
  from space 314880K, 0% used [0x000000078e200000,0x000000078e200000,0x00000007a1580000)
  to   space 441344K, 0% used [0x00000007a5100000,0x00000007a5100000,0x00000007c0000000)
 ParOldGen       total 987136K, used 553022K [0x00000006c0000000, 0x00000006fc400000, 0x000000076ab00000)
  object space 987136K, 56% used [0x00000006c0000000,0x00000006e1c0fa40,0x00000006fc400000)
 Metaspace       used 12928K, capacity 13076K, committed 13312K, reserved 1060864K
  class space    used 1490K, capacity 1534K, committed 1536K, reserved 1048576K
}

